<?xml version="1.0" encoding="UTF-8"?>
<!-- Generated by org.testng.reporters.JUnitReportReporter -->
<testsuite hostname="Jitesh" failures="0" tests="1" name="testcases.LoginTest" time="5.027" errors="0" timestamp="2025-04-23T00:20:01 IST" skipped="0">
  <testcase classname="testcases.LoginTest" name="LoginToSiteTest" time="5.027"/>
</testsuite> <!-- testcases.LoginTest -->
